<?xml version="1.0" encoding="UTF-8"?>
<testsuites>
  <testsuite name="Parser Routing Test Suite" tests="1" assertions="1" failures="0" errors="0" time="0.022246">
    <testsuite name="Tests\Unit\VersioningTest" file="/Users/pablo/Workspace/deployversion/tests/Unit/VersioningTest.php" tests="1" assertions="1" failures="0" errors="0" time="0.022246">
      <testcase name="testCheckTheLastVersion" class="Tests\Unit\VersioningTest" file="/Users/pablo/Workspace/deployversion/tests/Unit/VersioningTest.php" line="9" assertions="1" time="0.022246"/>
    </testsuite>
  </testsuite>
</testsuites>
